2013-11-11 12:36:48,158 INFO [main] [PhotoCrawlrImpl.java:107] number of photos on page 1: 0 of 0 photos for this bbox.
2013-11-11 12:37:24,937 INFO [main] [PhotoCrawlrImpl.java:107] number of photos on page 1: 0 of 0 photos for this bbox.
2013-11-11 12:43:21,825 INFO [main] [PhotoCrawlrImpl.java:107] number of photos on page 1: 0 of 0 photos for this bbox.
2013-11-11 12:44:01,049 INFO [main] [PhotoCrawlrImpl.java:107] number of photos on page 1: 250 of 9178 photos for this bbox.
2013-11-11 12:44:39,581 INFO [main] [PhotoCrawlrImpl.java:107] number of photos on page 1: 144 of 144 photos for this bbox.
2013-11-11 12:46:30,609 INFO [main] [PhotoCrawlrImpl.java:107] number of photos on page 1: 144 of 144 photos for this bbox.
2013-11-11 12:49:24,605 INFO [main] [PhotoCrawlrImpl.java:107] number of photos on page 1: 144 of 144 photos for this bbox.
2013-11-11 12:49:25,450 INFO [main] [PhotoCrawlrImpl.java:115] Downloaded: [9410660799, http://www.flickr.com/photos/wonderal/9410660799/, Oil production]
2013-11-11 12:49:26,372 INFO [main] [PhotoCrawlrImpl.java:115] Downloaded: [9413420888, http://www.flickr.com/photos/wonderal/9413420888/, Oil production]
2013-11-11 12:49:27,193 INFO [main] [PhotoCrawlrImpl.java:115] Downloaded: [9410664041, http://www.flickr.com/photos/wonderal/9410664041/, Oil production]
2013-11-11 12:49:28,112 INFO [main] [PhotoCrawlrImpl.java:115] Downloaded: [9382167430, http://www.flickr.com/photos/cuboardo/9382167430/, Telephone Pole 8]
2013-11-11 12:49:28,931 INFO [main] [PhotoCrawlrImpl.java:115] Downloaded: [9309564244, http://www.flickr.com/photos/ecologywa/9309564244/, Crane on scene]
2013-11-11 12:49:29,750 INFO [main] [PhotoCrawlrImpl.java:115] Downloaded: [9309563724, http://www.flickr.com/photos/ecologywa/9309563724/, Crane arriving on scene]
2013-11-11 12:49:30,528 INFO [main] [PhotoCrawlrImpl.java:115] Downloaded: [9302536073, http://www.flickr.com/photos/alexjpong/9302536073/, ]
2013-11-11 12:49:31,389 INFO [main] [PhotoCrawlrImpl.java:115] Downloaded: [9299027844, http://www.flickr.com/photos/nickrailfan/9299027844/, Gulf Aston]
2013-11-11 12:49:32,209 INFO [main] [PhotoCrawlrImpl.java:115] Downloaded: [9298886250, http://www.flickr.com/photos/nickrailfan/9298886250/, Gulf Aston]
2013-11-11 12:49:33,028 INFO [main] [PhotoCrawlrImpl.java:115] Downloaded: [9277204777, http://www.flickr.com/photos/jdaisy/9277204777/, 20130422.earth.0257.jpg]
2013-11-11 12:49:33,949 INFO [main] [PhotoCrawlrImpl.java:115] Downloaded: [9268454691, http://www.flickr.com/photos/societyofcoyotes/9268454691/, frank_and_kyle]
2013-11-11 12:49:34,870 INFO [main] [PhotoCrawlrImpl.java:115] Downloaded: [9183895051, http://www.flickr.com/photos/mms5119/9183895051/, Lost Hills]
2013-11-11 12:49:35,622 INFO [main] [PhotoCrawlrImpl.java:115] Downloaded: [9183913811, http://www.flickr.com/photos/mms5119/9183913811/, Lost Hills]
2013-11-11 12:49:36,404 INFO [main] [PhotoCrawlrImpl.java:115] Downloaded: [9183884653, http://www.flickr.com/photos/mms5119/9183884653/, Lost Hills]
2013-11-11 12:49:37,224 INFO [main] [PhotoCrawlrImpl.java:115] Downloaded: [9183902953, http://www.flickr.com/photos/mms5119/9183902953/, Lost Hills]
2013-11-11 12:49:38,011 INFO [main] [PhotoCrawlrImpl.java:115] Downloaded: [9183928685, http://www.flickr.com/photos/mms5119/9183928685/, Lost Hills]
2013-11-11 12:49:38,611 INFO [main] [PhotoCrawlrImpl.java:115] Downloaded: [9183911097, http://www.flickr.com/photos/mms5119/9183911097/, Lost Hills]
2013-11-11 12:49:39,369 INFO [main] [PhotoCrawlrImpl.java:115] Downloaded: [9186128262, http://www.flickr.com/photos/mms5119/9186128262/, Lost Hills]
2013-11-11 12:49:40,157 INFO [main] [PhotoCrawlrImpl.java:115] Downloaded: [9186117944, http://www.flickr.com/photos/mms5119/9186117944/, Lost Hills]
2013-11-11 12:49:40,785 INFO [main] [PhotoCrawlrImpl.java:115] Downloaded: [9186125868, http://www.flickr.com/photos/mms5119/9186125868/, Lost Hills]
2013-11-11 12:49:41,477 INFO [main] [PhotoCrawlrImpl.java:115] Downloaded: [9183938627, http://www.flickr.com/photos/mms5119/9183938627/, Lost Hills]
2013-11-11 12:49:42,206 INFO [main] [PhotoCrawlrImpl.java:115] Downloaded: [9183926321, http://www.flickr.com/photos/mms5119/9183926321/, Lost Hills]
2013-11-11 12:49:43,084 INFO [main] [PhotoCrawlrImpl.java:115] Downloaded: [9186155404, http://www.flickr.com/photos/mms5119/9186155404/, Lost Hills]
2013-11-11 12:49:44,087 INFO [main] [PhotoCrawlrImpl.java:115] Downloaded: [9183918849, http://www.flickr.com/photos/mms5119/9183918849/, Lost Hills]
2013-11-11 12:49:45,111 INFO [main] [PhotoCrawlrImpl.java:115] Downloaded: [9186112948, http://www.flickr.com/photos/mms5119/9186112948/, Lost Hills]
2013-11-11 12:49:45,881 INFO [main] [PhotoCrawlrImpl.java:115] Downloaded: [9183887295, http://www.flickr.com/photos/mms5119/9183887295/, Lost Hills]
2013-11-11 12:49:46,646 INFO [main] [PhotoCrawlrImpl.java:115] Downloaded: [9183837401, http://www.flickr.com/photos/mms5119/9183837401/, Lost Hills]
2013-11-11 12:49:47,567 INFO [main] [PhotoCrawlrImpl.java:115] Downloaded: [9183859109, http://www.flickr.com/photos/mms5119/9183859109/, Lost Hills]
2013-11-11 12:49:48,388 INFO [main] [PhotoCrawlrImpl.java:115] Downloaded: [9186032514, http://www.flickr.com/photos/mms5119/9186032514/, Lost Hills]
2013-11-11 12:49:49,308 INFO [main] [PhotoCrawlrImpl.java:115] Downloaded: [9183825459, http://www.flickr.com/photos/mms5119/9183825459/, Lost Hills]
2013-11-11 12:49:50,127 INFO [main] [PhotoCrawlrImpl.java:115] Downloaded: [9183843897, http://www.flickr.com/photos/mms5119/9183843897/, Lost Hills]
2013-11-11 12:49:50,960 INFO [main] [PhotoCrawlrImpl.java:115] Downloaded: [9186096950, http://www.flickr.com/photos/mms5119/9186096950/, Lost Hills]
2013-11-11 12:49:51,765 INFO [main] [PhotoCrawlrImpl.java:115] Downloaded: [9186085130, http://www.flickr.com/photos/mms5119/9186085130/, Lost Hills]
2013-11-11 12:49:52,584 INFO [main] [PhotoCrawlrImpl.java:115] Downloaded: [9183809095, http://www.flickr.com/photos/mms5119/9183809095/, Lost Hills]
2013-11-11 12:49:53,506 INFO [main] [PhotoCrawlrImpl.java:115] Downloaded: [9183828543, http://www.flickr.com/photos/mms5119/9183828543/, Lost Hills]
2013-11-11 12:49:54,427 INFO [main] [PhotoCrawlrImpl.java:115] Downloaded: [9183792775, http://www.flickr.com/photos/mms5119/9183792775/, Lost Hills]
2013-11-11 12:49:55,198 INFO [main] [PhotoCrawlrImpl.java:115] Downloaded: [9186006410, http://www.flickr.com/photos/mms5119/9186006410/, Lost Hills]
2013-11-11 12:49:56,068 INFO [main] [PhotoCrawlrImpl.java:115] Downloaded: [9186026102, http://www.flickr.com/photos/mms5119/9186026102/, Lost Hills]
2013-11-11 12:49:56,885 INFO [main] [PhotoCrawlrImpl.java:115] Downloaded: [9183800953, http://www.flickr.com/photos/mms5119/9183800953/, Lost Hills]
2013-11-11 12:49:57,806 INFO [main] [PhotoCrawlrImpl.java:115] Downloaded: [9183780179, http://www.flickr.com/photos/mms5119/9183780179/, Lost Hills]
2013-11-11 12:49:58,728 INFO [main] [PhotoCrawlrImpl.java:115] Downloaded: [9141960996, http://www.flickr.com/photos/javi_velazquez/9141960996/, Painted snail]
2013-11-11 12:50:00,367 INFO [main] [PhotoCrawlrImpl.java:115] Downloaded: [9111836278, http://www.flickr.com/photos/xinzhu/9111836278/, Sunset on the icefields (11 x 14)]
2013-11-11 12:50:01,391 INFO [main] [PhotoCrawlrImpl.java:115] Downloaded: [8971644669, http://www.flickr.com/photos/pyrokinetic/8971644669/, Numbered Tanks]
2013-11-11 12:50:02,047 INFO [main] [PhotoCrawlrImpl.java:115] Downloaded: [8908494267, http://www.flickr.com/photos/wherezjeff/8908494267/, Pumpjack]
2013-11-11 12:50:02,928 INFO [main] [PhotoCrawlrImpl.java:115] Downloaded: [8888092639, http://www.flickr.com/photos/pyrokinetic/8888092639/, Tanker Siding]
2013-11-11 12:50:04,360 INFO [main] [PhotoCrawlrImpl.java:115] Downloaded: [8881138525, http://www.flickr.com/photos/disneypinhunters/8881138525/, Green Energy Wind Turbine in Palm Springs]
2013-11-11 12:50:05,180 INFO [main] [PhotoCrawlrImpl.java:115] Downloaded: [8811677412, http://www.flickr.com/photos/mrtrad/8811677412/, Coil Tubing]
2013-11-11 12:50:05,981 INFO [main] [PhotoCrawlrImpl.java:115] Downloaded: [8796814546, http://www.flickr.com/photos/bridgetcalip/8796814546/, Pumpjack With Contours of the Rocky Mountains]
2013-11-11 12:50:06,818 INFO [main] [PhotoCrawlrImpl.java:115] Downloaded: [8731029836, http://www.flickr.com/photos/code20photog/8731029836/, Chevron Refinery Fire Department]
2013-11-11 12:50:07,637 INFO [main] [PhotoCrawlrImpl.java:115] Downloaded: [8731030122, http://www.flickr.com/photos/code20photog/8731030122/, Chevron Refinery Fire Department]
2013-11-11 12:50:08,559 INFO [main] [PhotoCrawlrImpl.java:115] Downloaded: [8699047801, http://www.flickr.com/photos/orb9220/8699047801/, Tanker Truck Hookups]
2013-11-11 12:50:09,377 INFO [main] [PhotoCrawlrImpl.java:115] Downloaded: [8687133829, http://www.flickr.com/photos/95323028@N06/8687133829/, IMG_1196]
2013-11-11 12:50:10,197 INFO [main] [PhotoCrawlrImpl.java:115] Downloaded: [8670496512, http://www.flickr.com/photos/darthjenni/8670496512/, Goffs School House, Old School Lane]
2013-11-11 12:50:11,211 INFO [main] [PhotoCrawlrImpl.java:115] Downloaded: [8670496970, http://www.flickr.com/photos/darthjenni/8670496970/, Goffs School House, Old School Lane]
2013-11-11 12:50:11,963 INFO [main] [PhotoCrawlrImpl.java:115] Downloaded: [8670300700, http://www.flickr.com/photos/evanblaser/8670300700/, Sunday April 14, 104/365]
2013-11-11 12:50:12,756 INFO [main] [PhotoCrawlrImpl.java:115] Downloaded: [8649845973, http://www.flickr.com/photos/lynnfriedman/8649845973/, Sunday Streets Mission Dist April 2013: Bucycling Against Oil Wars]
2013-11-11 12:50:13,678 INFO [main] [PhotoCrawlrImpl.java:115] Downloaded: [8629857647, http://www.flickr.com/photos/mark6mauno/8629857647/, Messaline descend l'escalier bordé de figurants (The Opera 'Messalina' at Bordeaux)]
2013-11-11 12:50:14,497 INFO [main] [PhotoCrawlrImpl.java:115] Downloaded: [8629873645, http://www.flickr.com/photos/mark6mauno/8629873645/, Portrait of Dirck Janszj. Pesser]
2013-11-11 12:50:15,421 INFO [main] [PhotoCrawlrImpl.java:115] Downloaded: [8630965966, http://www.flickr.com/photos/mark6mauno/8630965966/, Winter Scene on a Frozen Canal]
2013-11-11 12:50:16,342 INFO [main] [PhotoCrawlrImpl.java:115] Downloaded: [8630963228, http://www.flickr.com/photos/mark6mauno/8630963228/, Le Havre, Bâteaux de Peche Sortant du Port]
2013-11-11 12:50:17,160 INFO [main] [PhotoCrawlrImpl.java:115] Downloaded: [8630959224, http://www.flickr.com/photos/mark6mauno/8630959224/, Portrait of Jean-Pierre Delahaye]
2013-11-11 12:50:17,979 INFO [main] [PhotoCrawlrImpl.java:115] Downloaded: [8630961488, http://www.flickr.com/photos/mark6mauno/8630961488/, Boy with a Straw Hat]
2013-11-11 12:50:18,798 INFO [main] [PhotoCrawlrImpl.java:115] Downloaded: [8629854465, http://www.flickr.com/photos/mark6mauno/8629854465/, The Red Cow]
2013-11-11 12:50:19,720 INFO [main] [PhotoCrawlrImpl.java:115] Downloaded: [8630961954, http://www.flickr.com/photos/mark6mauno/8630961954/, In the Woods at Giverny: Blanche Hoschedé at Her Easel with Suzanne Hoschedé Reading]
2013-11-11 12:50:20,515 INFO [main] [PhotoCrawlrImpl.java:115] Downloaded: [8629853815, http://www.flickr.com/photos/mark6mauno/8629853815/, The Field of Derout-Lollichon]
2013-11-11 12:50:21,336 INFO [main] [PhotoCrawlrImpl.java:115] Downloaded: [8629856665, http://www.flickr.com/photos/mark6mauno/8629856665/, La Place du Théâtre Français]
2013-11-11 12:50:22,177 INFO [main] [PhotoCrawlrImpl.java:115] Downloaded: [8630961002, http://www.flickr.com/photos/mark6mauno/8630961002/, Sous-Bois]
2013-11-11 12:50:23,098 INFO [main] [PhotoCrawlrImpl.java:115] Downloaded: [8625630416, http://www.flickr.com/photos/airport/8625630416/, SOUTHERN]
2013-11-11 12:50:25,967 INFO [main] [PhotoCrawlrImpl.java:115] Downloaded: [8617828170, http://www.flickr.com/photos/mark6mauno/8617828170/, Automne, peupliers, Éragny (Autumn, Poplars, Éragny)]
2013-11-11 12:50:26,682 INFO [main] [PhotoCrawlrImpl.java:115] Downloaded: [8617813852, http://www.flickr.com/photos/mark6mauno/8617813852/, Yosemite]
2013-11-11 12:50:27,502 INFO [main] [PhotoCrawlrImpl.java:115] Downloaded: [8617814150, http://www.flickr.com/photos/mark6mauno/8617814150/, Cowboy Singing]
2013-11-11 12:50:28,320 INFO [main] [PhotoCrawlrImpl.java:115] Downloaded: [8616705659, http://www.flickr.com/photos/mark6mauno/8616705659/, Estes Park]
2013-11-11 12:50:29,242 INFO [main] [PhotoCrawlrImpl.java:115] Downloaded: [8616709291, http://www.flickr.com/photos/mark6mauno/8616709291/, Gunfight]
2013-11-11 12:50:30,164 INFO [main] [PhotoCrawlrImpl.java:115] Downloaded: [8617814612, http://www.flickr.com/photos/mark6mauno/8617814612/, "The Tent Law," Don't You Go Frettin', Sallie, I'll Tend To It]
2013-11-11 12:50:30,943 INFO [main] [PhotoCrawlrImpl.java:115] Downloaded: [8617819802, http://www.flickr.com/photos/mark6mauno/8617819802/, Henry VIII]
2013-11-11 12:50:31,654 INFO [main] [PhotoCrawlrImpl.java:115] Downloaded: [8616713563, http://www.flickr.com/photos/mark6mauno/8616713563/, Saint Christopher]
2013-11-11 12:50:34,328 INFO [main] [PhotoCrawlrImpl.java:115] Downloaded: [8617826828, http://www.flickr.com/photos/mark6mauno/8617826828/, The Violin]
2013-11-11 12:50:35,183 INFO [main] [PhotoCrawlrImpl.java:115] Downloaded: [8617827428, http://www.flickr.com/photos/mark6mauno/8617827428/, Waterloo Bridge]
2013-11-11 12:50:36,007 INFO [main] [PhotoCrawlrImpl.java:115] Downloaded: [8617818924, http://www.flickr.com/photos/mark6mauno/8617818924/, Madonna and Child with Saints]
2013-11-11 12:50:36,751 INFO [main] [PhotoCrawlrImpl.java:115] Downloaded: [8617812954, http://www.flickr.com/photos/mark6mauno/8617812954/, Estes Park (close up)]
2013-11-11 12:50:37,582 INFO [main] [PhotoCrawlrImpl.java:115] Downloaded: [8616707451, http://www.flickr.com/photos/mark6mauno/8616707451/, Snowy Range]
2013-11-11 12:50:38,561 INFO [main] [PhotoCrawlrImpl.java:115] Downloaded: [8616705291, http://www.flickr.com/photos/mark6mauno/8616705291/, Herd of Buffalo]
2013-11-11 12:50:39,483 INFO [main] [PhotoCrawlrImpl.java:115] Downloaded: [8617828814, http://www.flickr.com/photos/mark6mauno/8617828814/, La Famille du Saltimbanque: L'Enfant Blessé (The Family of Street Acrobats: the injured child)]
2013-11-11 12:50:40,300 INFO [main] [PhotoCrawlrImpl.java:115] Downloaded: [8616704913, http://www.flickr.com/photos/mark6mauno/8616704913/, Portrait of an Indian]
2013-11-11 12:50:41,225 INFO [main] [PhotoCrawlrImpl.java:115] Downloaded: [8617815586, http://www.flickr.com/photos/mark6mauno/8617815586/, The Open Range]
2013-11-11 12:50:42,115 INFO [main] [PhotoCrawlrImpl.java:115] Downloaded: [8598820374, http://www.flickr.com/photos/orb9220/8598820374/, Painting Thru the Window]
2013-11-11 12:50:42,964 INFO [main] [PhotoCrawlrImpl.java:115] Downloaded: [8588765694, http://www.flickr.com/photos/gherringer/8588765694/, Bubble Spacescape]
2013-11-11 12:50:43,783 INFO [main] [PhotoCrawlrImpl.java:115] Downloaded: [8587664905, http://www.flickr.com/photos/gherringer/8587664905/, Collide]
2013-11-11 12:50:44,668 INFO [main] [PhotoCrawlrImpl.java:115] Downloaded: [8588765248, http://www.flickr.com/photos/gherringer/8588765248/, Bubble Rise]
2013-11-11 12:50:45,524 INFO [main] [PhotoCrawlrImpl.java:115] Downloaded: [8587664497, http://www.flickr.com/photos/gherringer/8587664497/, Effervescent]
2013-11-11 12:50:46,343 INFO [main] [PhotoCrawlrImpl.java:115] Downloaded: [8588765856, http://www.flickr.com/photos/gherringer/8588765856/, Bubble Spacescape]
2013-11-11 12:50:47,162 INFO [main] [PhotoCrawlrImpl.java:115] Downloaded: [8587665627, http://www.flickr.com/photos/gherringer/8587665627/, Bubble Spacescape]
2013-11-11 12:50:47,981 INFO [main] [PhotoCrawlrImpl.java:115] Downloaded: [8588766486, http://www.flickr.com/photos/gherringer/8588766486/, Bubble Spacescape]
2013-11-11 12:50:48,801 INFO [main] [PhotoCrawlrImpl.java:115] Downloaded: [8588766174, http://www.flickr.com/photos/gherringer/8588766174/, Beaded]
2013-11-11 12:50:49,722 INFO [main] [PhotoCrawlrImpl.java:115] Downloaded: [8588766362, http://www.flickr.com/photos/gherringer/8588766362/, The Great Bubble Barrier]
2013-11-11 12:50:50,541 INFO [main] [PhotoCrawlrImpl.java:115] Downloaded: [8587665081, http://www.flickr.com/photos/gherringer/8587665081/, Bubble Spacescape]
2013-11-11 12:50:51,438 INFO [main] [PhotoCrawlrImpl.java:115] Downloaded: [8588766654, http://www.flickr.com/photos/gherringer/8588766654/, Bubble Spacescape]
2013-11-11 12:50:52,283 INFO [main] [PhotoCrawlrImpl.java:115] Downloaded: [8587666465, http://www.flickr.com/photos/gherringer/8587666465/, Bubble Spacescape]
2013-11-11 12:50:53,205 INFO [main] [PhotoCrawlrImpl.java:115] Downloaded: [8578572985, http://www.flickr.com/photos/ellensoohoo/8578572985/, Spicy Tomato Pizza at #Gather Restaurant in #Berkeley, CA]
2013-11-11 12:50:54,126 INFO [main] [PhotoCrawlrImpl.java:115] Downloaded: [8576939196, http://www.flickr.com/photos/eviloars/8576939196/, hanger]
2013-11-11 12:50:54,945 INFO [main] [PhotoCrawlrImpl.java:115] Downloaded: [8571998073, http://www.flickr.com/photos/pangoxiii/8571998073/, Small World]
2013-11-11 12:50:55,777 INFO [main] [PhotoCrawlrImpl.java:115] Downloaded: [8556761447, http://www.flickr.com/photos/misterbigidea/8556761447/, Welcome Back]
2013-11-11 12:50:56,798 INFO [main] [PhotoCrawlrImpl.java:115] Downloaded: [8553895356, http://www.flickr.com/photos/bacherfamily/8553895356/, 6I8A7167_1]
2013-11-11 12:50:57,814 INFO [main] [PhotoCrawlrImpl.java:115] Downloaded: [8553878478, http://www.flickr.com/photos/bacherfamily/8553878478/, 6I8A7155_1]
2013-11-11 12:50:58,734 INFO [main] [PhotoCrawlrImpl.java:115] Downloaded: [8553855552, http://www.flickr.com/photos/bacherfamily/8553855552/, 6I8A7174_1]
2013-11-11 12:50:59,553 INFO [main] [PhotoCrawlrImpl.java:115] Downloaded: [8553862822, http://www.flickr.com/photos/bacherfamily/8553862822/, 6I8A7179_1]
2013-11-11 12:51:00,372 INFO [main] [PhotoCrawlrImpl.java:115] Downloaded: [8552745261, http://www.flickr.com/photos/bacherfamily/8552745261/, 6I8A7172_1]
2013-11-11 12:51:01,191 INFO [main] [PhotoCrawlrImpl.java:115] Downloaded: [8552737425, http://www.flickr.com/photos/bacherfamily/8552737425/, 6I8A7150_1]
2013-11-11 12:51:02,112 INFO [main] [PhotoCrawlrImpl.java:115] Downloaded: [8553832484, http://www.flickr.com/photos/bacherfamily/8553832484/, Beauty in ugliness]
2013-11-11 12:51:02,943 INFO [main] [PhotoCrawlrImpl.java:115] Downloaded: [8552713095, http://www.flickr.com/photos/bacherfamily/8552713095/, 6I8A7138_1]
2013-11-11 12:51:03,751 INFO [main] [PhotoCrawlrImpl.java:115] Downloaded: [8552720489, http://www.flickr.com/photos/bacherfamily/8552720489/, 6I8A7140_1]
2013-11-11 12:51:04,673 INFO [main] [PhotoCrawlrImpl.java:115] Downloaded: [8551113407, http://www.flickr.com/photos/7603557@N08/8551113407/, Oil Cylinders]
2013-11-11 12:51:05,594 INFO [main] [PhotoCrawlrImpl.java:115] Downloaded: [8549845871, http://www.flickr.com/photos/tossmeanote/8549845871/, Danny Lasoski, WoO Sprint Car 2013 - Las Vegas, NV]
2013-11-11 12:51:06,413 INFO [main] [PhotoCrawlrImpl.java:115] Downloaded: [8518083944, http://www.flickr.com/photos/swanksalot/8518083944/, Times Passes Slowly]
2013-11-11 12:51:07,437 INFO [main] [PhotoCrawlrImpl.java:115] Downloaded: [8484826496, http://www.flickr.com/photos/thegreenpages/8484826496/, Found this loonie in my change]
2013-11-11 12:51:08,358 INFO [main] [PhotoCrawlrImpl.java:115] Downloaded: [8467145132, http://www.flickr.com/photos/photoaxis/8467145132/, Trucks R Rust]
2013-11-11 12:51:09,177 INFO [main] [PhotoCrawlrImpl.java:115] Downloaded: [8457568934, http://www.flickr.com/photos/64252758@N07/8457568934/, OoOoO]
2013-11-11 12:51:09,905 INFO [main] [PhotoCrawlrImpl.java:115] Downloaded: [8448806021, http://www.flickr.com/photos/rocketboom/8448806021/, Kyle Lee's paintings 1]
2013-11-11 12:51:10,818 INFO [main] [PhotoCrawlrImpl.java:115] Downloaded: [8449889986, http://www.flickr.com/photos/rocketboom/8449889986/, Kyle Lee's paintings 2]
2013-11-11 12:51:11,638 INFO [main] [PhotoCrawlrImpl.java:115] Downloaded: [8421619184, http://www.flickr.com/photos/naturallight/8421619184/, Jackfish 2]
2013-11-11 12:51:12,557 INFO [main] [PhotoCrawlrImpl.java:115] Downloaded: [8421629416, http://www.flickr.com/photos/naturallight/8421629416/, Jackfish 2]
2013-11-11 12:51:13,376 INFO [main] [PhotoCrawlrImpl.java:115] Downloaded: [8421582848, http://www.flickr.com/photos/naturallight/8421582848/, Jackfish 2]
2013-11-11 12:51:14,298 INFO [main] [PhotoCrawlrImpl.java:115] Downloaded: [8421551074, http://www.flickr.com/photos/naturallight/8421551074/, Jackfish 2]
2013-11-11 12:51:15,225 INFO [main] [PhotoCrawlrImpl.java:115] Downloaded: [8421533342, http://www.flickr.com/photos/naturallight/8421533342/, Jackfish 2]
2013-11-11 12:51:16,039 INFO [main] [PhotoCrawlrImpl.java:115] Downloaded: [8421428236, http://www.flickr.com/photos/naturallight/8421428236/, Jackfish 2]
2013-11-11 12:51:16,960 INFO [main] [PhotoCrawlrImpl.java:115] Downloaded: [8418410286, http://www.flickr.com/photos/65617756@N07/8418410286/, Oil Spill....]
2013-11-11 12:51:17,882 INFO [main] [PhotoCrawlrImpl.java:115] Downloaded: [8412364179, http://www.flickr.com/photos/30811353@N04/8412364179/, Baldwin Hills Oil Sears TLS Ilford 3200 02]
2013-11-11 12:51:18,598 INFO [main] [PhotoCrawlrImpl.java:115] Downloaded: [8413463398, http://www.flickr.com/photos/30811353@N04/8413463398/, Baldwin Hills Oil Sears TLS Ilford 3200 01]
2013-11-11 12:51:19,434 INFO [main] [PhotoCrawlrImpl.java:115] Downloaded: [8406434193, http://www.flickr.com/photos/jaumefl/8406434193/, Gigantes en la niebla]
2013-11-11 12:51:20,237 INFO [main] [PhotoCrawlrImpl.java:115] Downloaded: [8396042414, http://www.flickr.com/photos/21596239@N00/8396042414/, Around Los Angeles: Venoco @ BHHS, Jan. 2013]
2013-11-11 12:51:21,158 INFO [main] [PhotoCrawlrImpl.java:115] Downloaded: [8394957085, http://www.flickr.com/photos/21596239@N00/8394957085/, Around Los Angeles: Venoco @ BHHS, Jan. 2013]
2013-11-11 12:51:21,977 INFO [main] [PhotoCrawlrImpl.java:115] Downloaded: [8389176522, http://www.flickr.com/photos/okeos/8389176522/, In Alberta its Oil and Oil...]
2013-11-11 12:51:22,899 INFO [main] [PhotoCrawlrImpl.java:115] Downloaded: [8359386293, http://www.flickr.com/photos/staticantics/8359386293/, Aging Oil Well]
2013-11-11 12:51:23,820 INFO [main] [PhotoCrawlrImpl.java:115] Downloaded: [8323764151, http://www.flickr.com/photos/donbrr/8323764151/, SF downtown: Canadian Consulate First Nation Protest (0132)]
2013-11-11 12:51:24,640 INFO [main] [PhotoCrawlrImpl.java:115] Downloaded: [8323766401, http://www.flickr.com/photos/donbrr/8323766401/, SF downtown: Canadian Consulate First Nation Protest (0133)]
2013-11-11 12:51:25,404 INFO [main] [PhotoCrawlrImpl.java:115] Downloaded: [8323766007, http://www.flickr.com/photos/donbrr/8323766007/, SF downtown: Canadian Consulate First Nation Protest (0131)]
2013-11-11 12:51:26,380 INFO [main] [PhotoCrawlrImpl.java:115] Downloaded: [8319984577, http://www.flickr.com/photos/pixelrandy/8319984577/, Bubbles of Time]
2013-11-11 12:51:27,306 INFO [main] [PhotoCrawlrImpl.java:115] Downloaded: [8292068867, http://www.flickr.com/photos/ethanbeute/8292068867/, 15 Dec 12 - The Deep - Partial]
2013-11-11 12:51:28,227 INFO [main] [PhotoCrawlrImpl.java:115] Downloaded: [8292065115, http://www.flickr.com/photos/ethanbeute/8292065115/, 15 Dec 12 The Deep - Inset]
2013-11-11 12:51:29,044 INFO [main] [PhotoCrawlrImpl.java:115] Downloaded: [8292061373, http://www.flickr.com/photos/ethanbeute/8292061373/, 15 Dec 12 Weiss]
2013-11-11 12:51:29,968 INFO [main] [PhotoCrawlrImpl.java:115] Downloaded: [8288180996, http://www.flickr.com/photos/christiankaff/8288180996/, Axe Restoration]
2013-11-11 12:51:30,888 INFO [main] [PhotoCrawlrImpl.java:115] Downloaded: [8257723869, http://www.flickr.com/photos/dyingindowney/8257723869/, Swapmeet Misses 12/9/12]
2013-11-11 12:51:31,808 INFO [main] [PhotoCrawlrImpl.java:115] Downloaded: [8255660471, http://www.flickr.com/photos/patia/8255660471/, Brown Foam]
2013-11-11 12:51:32,628 INFO [main] [PhotoCrawlrImpl.java:115] Downloaded: [8239632615, http://www.flickr.com/photos/rowjimmy76/8239632615/, Separation Anxiety]
2013-11-11 13:23:48,104 INFO [main] [PhotoCrawlrImpl.java:107] number of photos on page 1: 131 of 131 photos for this bbox.
2013-11-11 13:23:49,091 INFO [main] [PhotoCrawlrImpl.java:115] Downloaded photo No. 0.): [wonder_al's photo: http://www.flickr.com/photos/wonderal/9410660799/, Oil production]
2013-11-11 13:23:49,909 INFO [main] [PhotoCrawlrImpl.java:115] Downloaded photo No. 1.): [wonder_al's photo: http://www.flickr.com/photos/wonderal/9413420888/, Oil production]
2013-11-11 13:23:50,728 INFO [main] [PhotoCrawlrImpl.java:115] Downloaded photo No. 2.): [Cuboardo's photo: http://www.flickr.com/photos/cuboardo/9382167430/, Telephone Pole 8]
2013-11-11 13:23:51,550 INFO [main] [PhotoCrawlrImpl.java:115] Downloaded photo No. 3.): [EcologyWA's photo: http://www.flickr.com/photos/ecologywa/9309564244/, Crane on scene]
2013-11-11 13:23:52,366 INFO [main] [PhotoCrawlrImpl.java:115] Downloaded photo No. 4.): [EcologyWA's photo: http://www.flickr.com/photos/ecologywa/9309563724/, Crane arriving on scene]
2013-11-11 13:23:53,185 INFO [main] [PhotoCrawlrImpl.java:115] Downloaded photo No. 5.): [alexjpong's photo: http://www.flickr.com/photos/alexjpong/9302536073/, ]
2013-11-11 13:23:53,883 INFO [main] [PhotoCrawlrImpl.java:115] Downloaded photo No. 6.): [Nick George - ngphotog.com's photo: http://www.flickr.com/photos/nickrailfan/9299027844/, Gulf Aston]
2013-11-11 13:23:54,619 INFO [main] [PhotoCrawlrImpl.java:115] Downloaded photo No. 7.): [Nick George - ngphotog.com's photo: http://www.flickr.com/photos/nickrailfan/9298886250/, Gulf Aston]
2013-11-11 13:23:55,539 INFO [main] [PhotoCrawlrImpl.java:115] Downloaded photo No. 8.): [jdaisy's photo: http://www.flickr.com/photos/jdaisy/9277204777/, 20130422.earth.0257.jpg]
2013-11-11 13:23:56,359 INFO [main] [PhotoCrawlrImpl.java:115] Downloaded photo No. 9.): [Society of Coyotes's photo: http://www.flickr.com/photos/societyofcoyotes/9268454691/, frank_and_kyle]
2013-11-11 13:23:57,183 INFO [main] [PhotoCrawlrImpl.java:115] Downloaded photo No. 10.): [mmsmithgall's photo: http://www.flickr.com/photos/mms5119/9183895051/, Lost Hills]
2013-11-11 13:23:57,998 INFO [main] [PhotoCrawlrImpl.java:115] Downloaded photo No. 11.): [mmsmithgall's photo: http://www.flickr.com/photos/mms5119/9183913811/, Lost Hills]
2013-11-11 13:23:58,817 INFO [main] [PhotoCrawlrImpl.java:115] Downloaded photo No. 12.): [mmsmithgall's photo: http://www.flickr.com/photos/mms5119/9183884653/, Lost Hills]
2013-11-11 13:23:59,636 INFO [main] [PhotoCrawlrImpl.java:115] Downloaded photo No. 13.): [mmsmithgall's photo: http://www.flickr.com/photos/mms5119/9183902953/, Lost Hills]
2013-11-11 13:24:00,455 INFO [main] [PhotoCrawlrImpl.java:115] Downloaded photo No. 14.): [mmsmithgall's photo: http://www.flickr.com/photos/mms5119/9183928685/, Lost Hills]
2013-11-11 13:24:01,220 INFO [main] [PhotoCrawlrImpl.java:115] Downloaded photo No. 15.): [mmsmithgall's photo: http://www.flickr.com/photos/mms5119/9183911097/, Lost Hills]
2013-11-11 13:24:02,092 INFO [main] [PhotoCrawlrImpl.java:115] Downloaded photo No. 16.): [mmsmithgall's photo: http://www.flickr.com/photos/mms5119/9186128262/, Lost Hills]
2013-11-11 13:24:02,911 INFO [main] [PhotoCrawlrImpl.java:115] Downloaded photo No. 17.): [mmsmithgall's photo: http://www.flickr.com/photos/mms5119/9186117944/, Lost Hills]
2013-11-11 13:24:03,835 INFO [main] [PhotoCrawlrImpl.java:115] Downloaded photo No. 18.): [mmsmithgall's photo: http://www.flickr.com/photos/mms5119/9186125868/, Lost Hills]
2013-11-11 13:24:04,755 INFO [main] [PhotoCrawlrImpl.java:115] Downloaded photo No. 19.): [mmsmithgall's photo: http://www.flickr.com/photos/mms5119/9183938627/, Lost Hills]
2013-11-11 13:24:05,493 INFO [main] [PhotoCrawlrImpl.java:115] Downloaded photo No. 20.): [mmsmithgall's photo: http://www.flickr.com/photos/mms5119/9183926321/, Lost Hills]
2013-11-11 13:24:06,394 INFO [main] [PhotoCrawlrImpl.java:115] Downloaded photo No. 21.): [mmsmithgall's photo: http://www.flickr.com/photos/mms5119/9186155404/, Lost Hills]
2013-11-11 13:24:07,181 INFO [main] [PhotoCrawlrImpl.java:115] Downloaded photo No. 22.): [mmsmithgall's photo: http://www.flickr.com/photos/mms5119/9183918849/, Lost Hills]
2013-11-11 13:24:07,922 INFO [main] [PhotoCrawlrImpl.java:115] Downloaded photo No. 23.): [mmsmithgall's photo: http://www.flickr.com/photos/mms5119/9186112948/, Lost Hills]
2013-11-11 13:24:08,749 INFO [main] [PhotoCrawlrImpl.java:115] Downloaded photo No. 24.): [mmsmithgall's photo: http://www.flickr.com/photos/mms5119/9183887295/, Lost Hills]
2013-11-11 13:24:09,671 INFO [main] [PhotoCrawlrImpl.java:115] Downloaded photo No. 25.): [mmsmithgall's photo: http://www.flickr.com/photos/mms5119/9183837401/, Lost Hills]
2013-11-11 13:24:10,489 INFO [main] [PhotoCrawlrImpl.java:115] Downloaded photo No. 26.): [mmsmithgall's photo: http://www.flickr.com/photos/mms5119/9183859109/, Lost Hills]
2013-11-11 13:24:11,310 INFO [main] [PhotoCrawlrImpl.java:115] Downloaded photo No. 27.): [mmsmithgall's photo: http://www.flickr.com/photos/mms5119/9186032514/, Lost Hills]
2013-11-11 13:24:12,129 INFO [main] [PhotoCrawlrImpl.java:115] Downloaded photo No. 28.): [mmsmithgall's photo: http://www.flickr.com/photos/mms5119/9183825459/, Lost Hills]
2013-11-11 13:24:12,948 INFO [main] [PhotoCrawlrImpl.java:115] Downloaded photo No. 29.): [mmsmithgall's photo: http://www.flickr.com/photos/mms5119/9183843897/, Lost Hills]
2013-11-11 13:24:13,767 INFO [main] [PhotoCrawlrImpl.java:115] Downloaded photo No. 30.): [mmsmithgall's photo: http://www.flickr.com/photos/mms5119/9186096950/, Lost Hills]
2013-11-11 13:24:14,586 INFO [main] [PhotoCrawlrImpl.java:115] Downloaded photo No. 31.): [mmsmithgall's photo: http://www.flickr.com/photos/mms5119/9186085130/, Lost Hills]
2013-11-11 13:24:22,577 INFO [main] [PhotoCrawlrImpl.java:107] number of photos on page 1: 131 of 131 photos for this bbox.
2013-11-11 13:24:23,397 INFO [main] [PhotoCrawlrImpl.java:115] Downloaded photo No. 0.): [98879514@N00's photo: http://www.flickr.com/photos/wonderal/9410660799/, Oil production]
2013-11-11 13:24:24,212 INFO [main] [PhotoCrawlrImpl.java:115] Downloaded photo No. 1.): [98879514@N00's photo: http://www.flickr.com/photos/wonderal/9413420888/, Oil production]
2013-11-11 13:24:25,031 INFO [main] [PhotoCrawlrImpl.java:115] Downloaded photo No. 2.): [89327634@N04's photo: http://www.flickr.com/photos/cuboardo/9382167430/, Telephone Pole 8]
2013-11-11 13:24:25,852 INFO [main] [PhotoCrawlrImpl.java:115] Downloaded photo No. 3.): [52636104@N03's photo: http://www.flickr.com/photos/ecologywa/9309564244/, Crane on scene]
2013-11-11 13:24:26,671 INFO [main] [PhotoCrawlrImpl.java:115] Downloaded photo No. 4.): [52636104@N03's photo: http://www.flickr.com/photos/ecologywa/9309563724/, Crane arriving on scene]
2013-11-11 13:24:27,489 INFO [main] [PhotoCrawlrImpl.java:115] Downloaded photo No. 5.): [92333102@N02's photo: http://www.flickr.com/photos/alexjpong/9302536073/, ]
2013-11-11 13:24:28,308 INFO [main] [PhotoCrawlrImpl.java:115] Downloaded photo No. 6.): [75686977@N00's photo: http://www.flickr.com/photos/nickrailfan/9299027844/, Gulf Aston]
2013-11-11 13:24:29,127 INFO [main] [PhotoCrawlrImpl.java:115] Downloaded photo No. 7.): [75686977@N00's photo: http://www.flickr.com/photos/nickrailfan/9298886250/, Gulf Aston]
2013-11-11 13:25:20,590 INFO [main] [PhotoCrawlrImpl.java:107] number of photos on page 1: 144 of 144 photos for this bbox.
2013-11-11 13:25:21,455 INFO [main] [PhotoCrawlrImpl.java:115] Downloaded photo No. 0.): [wonder_al's photo: http://www.flickr.com/photos/wonderal/9410660799/, Oil production]
2013-11-11 13:25:22,273 INFO [main] [PhotoCrawlrImpl.java:115] Downloaded photo No. 1.): [wonder_al's photo: http://www.flickr.com/photos/wonderal/9413420888/, Oil production]
2013-11-11 13:25:23,193 INFO [main] [PhotoCrawlrImpl.java:115] Downloaded photo No. 2.): [wonder_al's photo: http://www.flickr.com/photos/wonderal/9410664041/, Oil production]
2013-11-11 13:25:24,115 INFO [main] [PhotoCrawlrImpl.java:115] Downloaded photo No. 3.): [Cuboardo's photo: http://www.flickr.com/photos/cuboardo/9382167430/, Telephone Pole 8]
2013-11-11 13:25:24,936 INFO [main] [PhotoCrawlrImpl.java:115] Downloaded photo No. 4.): [EcologyWA's photo: http://www.flickr.com/photos/ecologywa/9309564244/, Crane on scene]
2013-11-11 13:25:25,856 INFO [main] [PhotoCrawlrImpl.java:115] Downloaded photo No. 5.): [EcologyWA's photo: http://www.flickr.com/photos/ecologywa/9309563724/, Crane arriving on scene]
2013-11-11 13:25:26,610 INFO [main] [PhotoCrawlrImpl.java:115] Downloaded photo No. 6.): [alexjpong's photo: http://www.flickr.com/photos/alexjpong/9302536073/, ]
2013-11-11 13:25:27,494 INFO [main] [PhotoCrawlrImpl.java:115] Downloaded photo No. 7.): [Nick George - ngphotog.com's photo: http://www.flickr.com/photos/nickrailfan/9299027844/, Gulf Aston]
2013-11-11 13:25:28,312 INFO [main] [PhotoCrawlrImpl.java:115] Downloaded photo No. 8.): [Nick George - ngphotog.com's photo: http://www.flickr.com/photos/nickrailfan/9298886250/, Gulf Aston]
2013-11-11 13:25:29,132 INFO [main] [PhotoCrawlrImpl.java:115] Downloaded photo No. 9.): [jdaisy's photo: http://www.flickr.com/photos/jdaisy/9277204777/, 20130422.earth.0257.jpg]
2013-11-11 13:25:29,849 INFO [main] [PhotoCrawlrImpl.java:115] Downloaded photo No. 10.): [Society of Coyotes's photo: http://www.flickr.com/photos/societyofcoyotes/9268454691/, frank_and_kyle]
2013-11-11 13:25:30,629 INFO [main] [PhotoCrawlrImpl.java:115] Downloaded photo No. 11.): [mmsmithgall's photo: http://www.flickr.com/photos/mms5119/9183895051/, Lost Hills]
2013-11-11 13:25:31,488 INFO [main] [PhotoCrawlrImpl.java:115] Downloaded photo No. 12.): [mmsmithgall's photo: http://www.flickr.com/photos/mms5119/9183913811/, Lost Hills]
2013-11-11 13:25:32,410 INFO [main] [PhotoCrawlrImpl.java:115] Downloaded photo No. 13.): [mmsmithgall's photo: http://www.flickr.com/photos/mms5119/9183884653/, Lost Hills]
2013-11-11 13:25:33,231 INFO [main] [PhotoCrawlrImpl.java:115] Downloaded photo No. 14.): [mmsmithgall's photo: http://www.flickr.com/photos/mms5119/9183902953/, Lost Hills]
2013-11-11 13:25:34,047 INFO [main] [PhotoCrawlrImpl.java:115] Downloaded photo No. 15.): [mmsmithgall's photo: http://www.flickr.com/photos/mms5119/9183928685/, Lost Hills]
2013-11-11 13:25:34,867 INFO [main] [PhotoCrawlrImpl.java:115] Downloaded photo No. 16.): [mmsmithgall's photo: http://www.flickr.com/photos/mms5119/9183911097/, Lost Hills]
2013-11-11 13:25:35,694 INFO [main] [PhotoCrawlrImpl.java:115] Downloaded photo No. 17.): [mmsmithgall's photo: http://www.flickr.com/photos/mms5119/9186128262/, Lost Hills]
2013-11-11 13:25:36,507 INFO [main] [PhotoCrawlrImpl.java:115] Downloaded photo No. 18.): [mmsmithgall's photo: http://www.flickr.com/photos/mms5119/9186117944/, Lost Hills]
2013-11-11 13:25:37,426 INFO [main] [PhotoCrawlrImpl.java:115] Downloaded photo No. 19.): [mmsmithgall's photo: http://www.flickr.com/photos/mms5119/9186125868/, Lost Hills]
2013-11-11 13:25:38,246 INFO [main] [PhotoCrawlrImpl.java:115] Downloaded photo No. 20.): [mmsmithgall's photo: http://www.flickr.com/photos/mms5119/9183938627/, Lost Hills]
2013-11-11 13:25:39,169 INFO [main] [PhotoCrawlrImpl.java:115] Downloaded photo No. 21.): [mmsmithgall's photo: http://www.flickr.com/photos/mms5119/9183926321/, Lost Hills]
2013-11-11 13:25:40,089 INFO [main] [PhotoCrawlrImpl.java:115] Downloaded photo No. 22.): [mmsmithgall's photo: http://www.flickr.com/photos/mms5119/9186155404/, Lost Hills]
2013-11-11 13:25:41,010 INFO [main] [PhotoCrawlrImpl.java:115] Downloaded photo No. 23.): [mmsmithgall's photo: http://www.flickr.com/photos/mms5119/9183918849/, Lost Hills]
2013-11-11 13:25:41,831 INFO [main] [PhotoCrawlrImpl.java:115] Downloaded photo No. 24.): [mmsmithgall's photo: http://www.flickr.com/photos/mms5119/9186112948/, Lost Hills]
2013-11-11 13:25:42,752 INFO [main] [PhotoCrawlrImpl.java:115] Downloaded photo No. 25.): [mmsmithgall's photo: http://www.flickr.com/photos/mms5119/9183887295/, Lost Hills]
2013-11-11 13:25:43,775 INFO [main] [PhotoCrawlrImpl.java:115] Downloaded photo No. 26.): [mmsmithgall's photo: http://www.flickr.com/photos/mms5119/9183837401/, Lost Hills]
2013-11-11 13:25:44,595 INFO [main] [PhotoCrawlrImpl.java:115] Downloaded photo No. 27.): [mmsmithgall's photo: http://www.flickr.com/photos/mms5119/9183859109/, Lost Hills]
2013-11-11 13:25:45,249 INFO [main] [PhotoCrawlrImpl.java:115] Downloaded photo No. 28.): [mmsmithgall's photo: http://www.flickr.com/photos/mms5119/9186032514/, Lost Hills]
2013-11-11 13:25:46,130 INFO [main] [PhotoCrawlrImpl.java:115] Downloaded photo No. 29.): [mmsmithgall's photo: http://www.flickr.com/photos/mms5119/9183825459/, Lost Hills]
2013-11-11 13:25:46,950 INFO [main] [PhotoCrawlrImpl.java:115] Downloaded photo No. 30.): [mmsmithgall's photo: http://www.flickr.com/photos/mms5119/9183843897/, Lost Hills]
2013-11-11 13:25:47,703 INFO [main] [PhotoCrawlrImpl.java:115] Downloaded photo No. 31.): [mmsmithgall's photo: http://www.flickr.com/photos/mms5119/9186096950/, Lost Hills]
2013-11-11 13:25:48,486 INFO [main] [PhotoCrawlrImpl.java:115] Downloaded photo No. 32.): [mmsmithgall's photo: http://www.flickr.com/photos/mms5119/9186085130/, Lost Hills]
2013-11-11 13:25:49,407 INFO [main] [PhotoCrawlrImpl.java:115] Downloaded photo No. 33.): [mmsmithgall's photo: http://www.flickr.com/photos/mms5119/9183809095/, Lost Hills]
2013-11-11 13:25:50,227 INFO [main] [PhotoCrawlrImpl.java:115] Downloaded photo No. 34.): [mmsmithgall's photo: http://www.flickr.com/photos/mms5119/9183828543/, Lost Hills]
2013-11-11 13:25:51,029 INFO [main] [PhotoCrawlrImpl.java:115] Downloaded photo No. 35.): [mmsmithgall's photo: http://www.flickr.com/photos/mms5119/9183792775/, Lost Hills]
2013-11-11 13:25:51,873 INFO [main] [PhotoCrawlrImpl.java:115] Downloaded photo No. 36.): [mmsmithgall's photo: http://www.flickr.com/photos/mms5119/9186006410/, Lost Hills]
2013-11-11 13:25:52,684 INFO [main] [PhotoCrawlrImpl.java:115] Downloaded photo No. 37.): [mmsmithgall's photo: http://www.flickr.com/photos/mms5119/9186026102/, Lost Hills]
2013-11-11 13:25:53,341 INFO [main] [PhotoCrawlrImpl.java:115] Downloaded photo No. 38.): [mmsmithgall's photo: http://www.flickr.com/photos/mms5119/9183800953/, Lost Hills]
2013-11-11 13:25:54,117 INFO [main] [PhotoCrawlrImpl.java:115] Downloaded photo No. 39.): [mmsmithgall's photo: http://www.flickr.com/photos/mms5119/9183780179/, Lost Hills]
2013-11-11 13:25:54,936 INFO [main] [PhotoCrawlrImpl.java:115] Downloaded photo No. 40.): [javi.velazquez's photo: http://www.flickr.com/photos/javi_velazquez/9141960996/, Painted snail]
2013-11-11 13:25:55,756 INFO [main] [PhotoCrawlrImpl.java:115] Downloaded photo No. 41.): [Bamboosoul Photography's photo: http://www.flickr.com/photos/xinzhu/9111836278/, Sunset on the icefields (11 x 14)]
2013-11-11 13:25:56,575 INFO [main] [PhotoCrawlrImpl.java:115] Downloaded photo No. 42.): [Hal Bergman Photography's photo: http://www.flickr.com/photos/pyrokinetic/8971644669/, Numbered Tanks]
2013-11-11 13:25:57,394 INFO [main] [PhotoCrawlrImpl.java:115] Downloaded photo No. 43.): [WherezJeff's photo: http://www.flickr.com/photos/wherezjeff/8908494267/, Pumpjack]
2013-11-11 13:25:58,316 INFO [main] [PhotoCrawlrImpl.java:115] Downloaded photo No. 44.): [Hal Bergman Photography's photo: http://www.flickr.com/photos/pyrokinetic/8888092639/, Tanker Siding]
2013-11-11 13:25:59,139 INFO [main] [PhotoCrawlrImpl.java:115] Downloaded photo No. 45.): [Disney Pin Hunters's photo: http://www.flickr.com/photos/disneypinhunters/8881138525/, Green Energy Wind Turbine in Palm Springs]
2013-11-11 13:25:59,954 INFO [main] [PhotoCrawlrImpl.java:115] Downloaded photo No. 46.): [MrTrad's photo: http://www.flickr.com/photos/mrtrad/8811677412/, Coil Tubing]
2013-11-11 13:26:00,773 INFO [main] [PhotoCrawlrImpl.java:115] Downloaded photo No. 47.): [Bridget Calip's photo: http://www.flickr.com/photos/bridgetcalip/8796814546/, Pumpjack With Contours of the Rocky Mountains]
2013-11-11 13:26:01,591 INFO [main] [PhotoCrawlrImpl.java:115] Downloaded photo No. 48.): [Code20Photog's photo: http://www.flickr.com/photos/code20photog/8731029836/, Chevron Refinery Fire Department]
2013-11-11 13:26:02,617 INFO [main] [PhotoCrawlrImpl.java:115] Downloaded photo No. 49.): [Code20Photog's photo: http://www.flickr.com/photos/code20photog/8731030122/, Chevron Refinery Fire Department]
2013-11-11 13:26:03,541 INFO [main] [PhotoCrawlrImpl.java:115] Downloaded photo No. 50.): [Orbmiser's photo: http://www.flickr.com/photos/orb9220/8699047801/, Tanker Truck Hookups]
2013-11-11 13:26:04,287 INFO [main] [PhotoCrawlrImpl.java:115] Downloaded photo No. 51.): [Carson Heslop Photography's photo: http://www.flickr.com/photos/95323028@N06/8687133829/, IMG_1196]
2013-11-11 13:26:05,014 INFO [main] [PhotoCrawlrImpl.java:115] Downloaded photo No. 52.): [darthjenni's photo: http://www.flickr.com/photos/darthjenni/8670496512/, Goffs School House, Old School Lane]
2013-11-11 13:26:05,795 INFO [main] [PhotoCrawlrImpl.java:115] Downloaded photo No. 53.): [darthjenni's photo: http://www.flickr.com/photos/darthjenni/8670496970/, Goffs School House, Old School Lane]
2013-11-11 13:26:06,520 INFO [main] [PhotoCrawlrImpl.java:115] Downloaded photo No. 54.): [eblaser's photo: http://www.flickr.com/photos/evanblaser/8670300700/, Sunday April 14, 104/365]
2013-11-11 13:26:07,333 INFO [main] [PhotoCrawlrImpl.java:115] Downloaded photo No. 55.): [Lynn Friedman's photo: http://www.flickr.com/photos/lynnfriedman/8649845973/, Sunday Streets Mission Dist April 2013: Bucycling Against Oil Wars]
2013-11-11 13:26:08,123 INFO [main] [PhotoCrawlrImpl.java:115] Downloaded photo No. 56.): [mark6mauno's photo: http://www.flickr.com/photos/mark6mauno/8629857647/, Messaline descend l'escalier bordé de figurants (The Opera 'Messalina' at Bordeaux)]
2013-11-11 13:26:09,072 INFO [main] [PhotoCrawlrImpl.java:115] Downloaded photo No. 57.): [mark6mauno's photo: http://www.flickr.com/photos/mark6mauno/8629873645/, Portrait of Dirck Janszj. Pesser]
2013-11-11 13:26:09,990 INFO [main] [PhotoCrawlrImpl.java:115] Downloaded photo No. 58.): [mark6mauno's photo: http://www.flickr.com/photos/mark6mauno/8630965966/, Winter Scene on a Frozen Canal]
2013-11-11 13:26:10,810 INFO [main] [PhotoCrawlrImpl.java:115] Downloaded photo No. 59.): [mark6mauno's photo: http://www.flickr.com/photos/mark6mauno/8630963228/, Le Havre, Bâteaux de Peche Sortant du Port]
2013-11-11 13:26:11,659 INFO [main] [PhotoCrawlrImpl.java:115] Downloaded photo No. 60.): [mark6mauno's photo: http://www.flickr.com/photos/mark6mauno/8630959224/, Portrait of Jean-Pierre Delahaye]
2013-11-11 13:26:12,549 INFO [main] [PhotoCrawlrImpl.java:115] Downloaded photo No. 61.): [mark6mauno's photo: http://www.flickr.com/photos/mark6mauno/8630961488/, Boy with a Straw Hat]
2013-11-11 13:26:13,368 INFO [main] [PhotoCrawlrImpl.java:115] Downloaded photo No. 62.): [mark6mauno's photo: http://www.flickr.com/photos/mark6mauno/8629854465/, The Red Cow]
2013-11-11 13:26:14,191 INFO [main] [PhotoCrawlrImpl.java:115] Downloaded photo No. 63.): [mark6mauno's photo: http://www.flickr.com/photos/mark6mauno/8630961954/, In the Woods at Giverny: Blanche Hoschedé at Her Easel with Suzanne Hoschedé Reading]
2013-11-11 13:26:15,007 INFO [main] [PhotoCrawlrImpl.java:115] Downloaded photo No. 64.): [mark6mauno's photo: http://www.flickr.com/photos/mark6mauno/8629853815/, The Field of Derout-Lollichon]
2013-11-11 13:26:15,825 INFO [main] [PhotoCrawlrImpl.java:115] Downloaded photo No. 65.): [mark6mauno's photo: http://www.flickr.com/photos/mark6mauno/8629856665/, La Place du Théâtre Français]
2013-11-11 13:26:16,645 INFO [main] [PhotoCrawlrImpl.java:115] Downloaded photo No. 66.): [mark6mauno's photo: http://www.flickr.com/photos/mark6mauno/8630961002/, Sous-Bois]
2013-11-11 13:26:17,567 INFO [main] [PhotoCrawlrImpl.java:115] Downloaded photo No. 67.): [Night Owl City's photo: http://www.flickr.com/photos/airport/8625630416/, SOUTHERN]
2013-11-11 13:26:18,432 INFO [main] [PhotoCrawlrImpl.java:115] Downloaded photo No. 68.): [mark6mauno's photo: http://www.flickr.com/photos/mark6mauno/8617828170/, Automne, peupliers, Éragny (Autumn, Poplars, Éragny)]
2013-11-11 13:26:19,307 INFO [main] [PhotoCrawlrImpl.java:115] Downloaded photo No. 69.): [mark6mauno's photo: http://www.flickr.com/photos/mark6mauno/8617813852/, Yosemite]
2013-11-11 13:26:20,126 INFO [main] [PhotoCrawlrImpl.java:115] Downloaded photo No. 70.): [mark6mauno's photo: http://www.flickr.com/photos/mark6mauno/8617814150/, Cowboy Singing]
2013-11-11 13:26:20,946 INFO [main] [PhotoCrawlrImpl.java:115] Downloaded photo No. 71.): [mark6mauno's photo: http://www.flickr.com/photos/mark6mauno/8616705659/, Estes Park]
2013-11-11 13:26:21,867 INFO [main] [PhotoCrawlrImpl.java:115] Downloaded photo No. 72.): [mark6mauno's photo: http://www.flickr.com/photos/mark6mauno/8616709291/, Gunfight]
2013-11-11 13:26:22,689 INFO [main] [PhotoCrawlrImpl.java:115] Downloaded photo No. 73.): [mark6mauno's photo: http://www.flickr.com/photos/mark6mauno/8617814612/, "The Tent Law," Don't You Go Frettin', Sallie, I'll Tend To It]
2013-11-11 13:26:23,504 INFO [main] [PhotoCrawlrImpl.java:115] Downloaded photo No. 74.): [mark6mauno's photo: http://www.flickr.com/photos/mark6mauno/8617819802/, Henry VIII]
2013-11-11 13:26:24,325 INFO [main] [PhotoCrawlrImpl.java:115] Downloaded photo No. 75.): [mark6mauno's photo: http://www.flickr.com/photos/mark6mauno/8616713563/, Saint Christopher]
2013-11-11 13:26:25,247 INFO [main] [PhotoCrawlrImpl.java:115] Downloaded photo No. 76.): [mark6mauno's photo: http://www.flickr.com/photos/mark6mauno/8617826828/, The Violin]
2013-11-11 13:26:26,065 INFO [main] [PhotoCrawlrImpl.java:115] Downloaded photo No. 77.): [mark6mauno's photo: http://www.flickr.com/photos/mark6mauno/8617827428/, Waterloo Bridge]
2013-11-11 13:26:26,987 INFO [main] [PhotoCrawlrImpl.java:115] Downloaded photo No. 78.): [mark6mauno's photo: http://www.flickr.com/photos/mark6mauno/8617818924/, Madonna and Child with Saints]
2013-11-11 13:26:27,909 INFO [main] [PhotoCrawlrImpl.java:115] Downloaded photo No. 79.): [mark6mauno's photo: http://www.flickr.com/photos/mark6mauno/8617812954/, Estes Park (close up)]
2013-11-11 13:26:28,640 INFO [main] [PhotoCrawlrImpl.java:115] Downloaded photo No. 80.): [mark6mauno's photo: http://www.flickr.com/photos/mark6mauno/8616707451/, Snowy Range]
2013-11-11 13:26:29,393 INFO [main] [PhotoCrawlrImpl.java:115] Downloaded photo No. 81.): [mark6mauno's photo: http://www.flickr.com/photos/mark6mauno/8616705291/, Herd of Buffalo]
2013-11-11 13:26:30,205 INFO [main] [PhotoCrawlrImpl.java:115] Downloaded photo No. 82.): [mark6mauno's photo: http://www.flickr.com/photos/mark6mauno/8617828814/, La Famille du Saltimbanque: L'Enfant Blessé (The Family of Street Acrobats: the injured child)]
2013-11-11 13:26:30,948 INFO [main] [PhotoCrawlrImpl.java:115] Downloaded photo No. 83.): [mark6mauno's photo: http://www.flickr.com/photos/mark6mauno/8616704913/, Portrait of an Indian]
2013-11-11 13:26:31,800 INFO [main] [PhotoCrawlrImpl.java:115] Downloaded photo No. 84.): [mark6mauno's photo: http://www.flickr.com/photos/mark6mauno/8617815586/, The Open Range]
2013-11-11 13:26:32,619 INFO [main] [PhotoCrawlrImpl.java:115] Downloaded photo No. 85.): [Orbmiser's photo: http://www.flickr.com/photos/orb9220/8598820374/, Painting Thru the Window]
2013-11-11 13:26:33,438 INFO [main] [PhotoCrawlrImpl.java:115] Downloaded photo No. 86.): [gherringer's photo: http://www.flickr.com/photos/gherringer/8588765694/, Bubble Spacescape]
